2025-05-28 10:05:32,274 22500 DEBUG ? odoo.netsvc: logger level set: "odoo.http.rpc.request:INFO" 
2025-05-28 10:05:32,274 22500 DEBUG ? odoo.netsvc: logger level set: "odoo.http.rpc.response:INFO" 
2025-05-28 10:05:32,274 22500 DEBUG ? odoo.netsvc: logger level set: ":INFO" 
2025-05-28 10:05:32,274 22500 DEBUG ? odoo.netsvc: logger level set: "odoo:DEBUG" 
2025-05-28 10:05:32,274 22500 DEBUG ? odoo.netsvc: logger level set: "odoo.sql_db:INFO" 
2025-05-28 10:05:32,274 22500 DEBUG ? odoo.netsvc: logger level set: ":INFO" 
2025-05-28 10:05:32,275 22500 INFO ? odoo: Odoo version 17.0+e-20231119 
2025-05-28 10:05:32,275 22500 INFO ? odoo: Using configuration file at C:\Users\hp\OneDrive\Documents\odoo-final-project\odoo.cfg 
2025-05-28 10:05:32,284 22500 INFO ? odoo: addons paths: ['C:\\Users\\hp\\OneDrive\\Documents\\odoo-final-project\\src\\odoo\\odoo\\addons', 'c:\\users\\hp\\appdata\\local\\odoo\\addons\\17.0', 'c:\\users\\hp\\onedrive\\documents\\odoo-final-project\\local', 'c:\\users\\hp\\onedrive\\documents\\odoo-final-project\\src\\odoo\\addons', 'c:\\users\\hp\\onedrive\\documents\\odoo-final-project\\src\\odoo\\odoo\\addons'] 
2025-05-28 10:05:32,284 22500 INFO ? odoo: database: odoo@localhost:5432 
2025-05-28 10:05:32,423 22500 INFO ? odoo.addons.base.models.ir_actions_report: Will use the Wkhtmltopdf binary at C:\Program Files\wkhtmltopdf\bin\wkhtmltopdf.exe 
2025-05-28 10:05:32,670 22500 WARNING ? odoo.service.server: 'watchdog' module not installed. Code autoreload feature is disabled 
2025-05-28 10:05:32,670 22500 DEBUG ? odoo.service.server: Setting signal handlers 
2025-05-28 10:05:32,674 22500 INFO ? odoo.service.server: HTTP service (werkzeug) running on My-ZBook.lan:8069 
2025-05-28 10:05:32,715 22500 DEBUG ? odoo.modules.registry: Multiprocess load registry signaling: [Registry: 3] [Cache default: 7] [Cache assets: 1] [Cache templates: 6] [Cache routing: 1] 
2025-05-28 10:05:32,723 22500 INFO thanh123 odoo.modules.loading: loading 1 modules... 
2025-05-28 10:05:32,723 22500 DEBUG thanh123 odoo.modules.loading: Loading module base (1/1) 
2025-05-28 10:05:32,725 22500 DEBUG thanh123 odoo.modules.loading: Module base loaded in 0.00s, 0 queries 
2025-05-28 10:05:32,725 22500 INFO thanh123 odoo.modules.loading: 1 modules loaded in 0.00s, 0 queries (+0 extra) 
2025-05-28 10:05:32,741 22500 INFO thanh123 odoo.modules.loading: updating modules list 
2025-05-28 10:05:32,744 22500 INFO thanh123 odoo.addons.base.models.ir_module: ALLOW access to module.update_list on [] to user __system__ #1 via n/a 
2025-05-28 10:05:34,353 22500 WARNING thanh123 odoo.modules.module: Missing `license` key in manifest for 'garment_production', defaulting to LGPL-3 
2025-05-28 10:05:34,600 22500 DEBUG thanh123 odoo.modules.module: module production_management: no manifest file found ('__manifest__.py', '__openerp__.py') 
2025-05-28 10:05:34,600 22500 WARNING thanh123 odoo.modules.graph: module production_management: not installable, skipped 
2025-05-28 10:05:34,601 22500 INFO thanh123 odoo.modules.graph: module garment_sample: Unmet dependencies: garment_base 
2025-05-28 10:05:34,601 22500 DEBUG thanh123 odoo.modules.loading: Updating graph with 18 more modules 
2025-05-28 10:05:34,601 22500 INFO thanh123 odoo.modules.loading: loading 17 modules... 
2025-05-28 10:05:34,601 22500 DEBUG thanh123 odoo.modules.loading: Loading module web (2/17) 
2025-05-28 10:05:34,603 22500 DEBUG thanh123 odoo.modules.loading: Module web loaded in 0.00s, 0 queries 
2025-05-28 10:05:34,603 22500 DEBUG thanh123 odoo.modules.loading: Loading module auth_totp (3/17) 
2025-05-28 10:05:34,623 22500 DEBUG thanh123 odoo.modules.loading: Module auth_totp loaded in 0.02s, 0 queries 
2025-05-28 10:05:34,623 22500 DEBUG thanh123 odoo.modules.loading: Loading module base_import (4/17) 
2025-05-28 10:05:34,629 22500 DEBUG thanh123 odoo.modules.loading: Module base_import loaded in 0.01s, 0 queries 
2025-05-28 10:05:34,629 22500 DEBUG thanh123 odoo.modules.loading: Loading module base_import_module (5/17) 
2025-05-28 10:05:34,633 22500 DEBUG thanh123 odoo.modules.loading: Module base_import_module loaded in 0.00s, 0 queries 
2025-05-28 10:05:34,633 22500 DEBUG thanh123 odoo.modules.loading: Loading module base_setup (6/17) 
2025-05-28 10:05:34,639 22500 DEBUG thanh123 odoo.modules.loading: Module base_setup loaded in 0.01s, 0 queries 
2025-05-28 10:05:34,639 22500 DEBUG thanh123 odoo.modules.loading: Loading module bus (7/17) 
2025-05-28 10:05:34,650 22500 DEBUG thanh123 odoo.modules.loading: Module bus loaded in 0.01s, 0 queries 
2025-05-28 10:05:34,650 22500 DEBUG thanh123 odoo.modules.loading: Loading module web_cohort (8/17) 
2025-05-28 10:05:34,655 22500 DEBUG thanh123 odoo.modules.loading: Module web_cohort loaded in 0.01s, 0 queries 
2025-05-28 10:05:34,655 22500 DEBUG thanh123 odoo.modules.loading: Loading module web_gantt (9/17) 
2025-05-28 10:05:34,659 22500 DEBUG thanh123 odoo.modules.loading: Module web_gantt loaded in 0.00s, 0 queries 
2025-05-28 10:05:34,659 22500 DEBUG thanh123 odoo.modules.loading: Loading module web_grid (10/17) 
2025-05-28 10:05:34,664 22500 DEBUG thanh123 odoo.modules.loading: Module web_grid loaded in 0.00s, 0 queries 
2025-05-28 10:05:34,664 22500 DEBUG thanh123 odoo.modules.loading: Loading module web_tour (11/17) 
2025-05-28 10:05:34,666 22500 DEBUG thanh123 odoo.modules.loading: Module web_tour loaded in 0.00s, 0 queries 
2025-05-28 10:05:34,666 22500 DEBUG thanh123 odoo.modules.loading: Loading module iap (12/17) 
2025-05-28 10:05:34,671 22500 DEBUG thanh123 odoo.modules.loading: Module iap loaded in 0.01s, 0 queries 
2025-05-28 10:05:34,671 22500 DEBUG thanh123 odoo.modules.loading: Loading module web_editor (13/17) 
2025-05-28 10:05:34,690 22500 DEBUG thanh123 odoo.modules.loading: Module web_editor loaded in 0.02s, 0 queries 
2025-05-28 10:05:34,690 22500 DEBUG thanh123 odoo.modules.loading: Loading module web_enterprise (14/17) 
2025-05-28 10:05:34,694 22500 DEBUG thanh123 odoo.modules.loading: Module web_enterprise loaded in 0.00s, 0 queries 
2025-05-28 10:05:34,694 22500 DEBUG thanh123 odoo.modules.loading: Loading module web_map (15/17) 
2025-05-28 10:05:34,699 22500 DEBUG thanh123 odoo.modules.loading: Module web_map loaded in 0.01s, 0 queries 
2025-05-28 10:05:34,699 22500 DEBUG thanh123 odoo.modules.loading: Loading module web_mobile (16/17) 
2025-05-28 10:05:34,701 22500 DEBUG thanh123 odoo.modules.loading: Module web_mobile loaded in 0.00s, 0 queries 
2025-05-28 10:05:34,701 22500 DEBUG thanh123 odoo.modules.loading: Loading module web_unsplash (17/17) 
2025-05-28 10:05:34,706 22500 DEBUG thanh123 odoo.modules.loading: Module web_unsplash loaded in 0.00s, 0 queries 
2025-05-28 10:05:34,706 22500 INFO thanh123 odoo.modules.loading: 17 modules loaded in 0.11s, 0 queries (+0 extra) 
2025-05-28 10:05:34,789 22500 ERROR thanh123 odoo.modules.loading: Some modules are not loaded, some dependencies or manifest may be missing: ['garment_sample', 'production_management'] 
2025-05-28 10:05:34,802 22500 DEBUG thanh123 odoo.modules.registry: Invalidating templates model caches from write C:\Users\hp\OneDrive\Documents\odoo-final-project\src\odoo\odoo\addons\base\models\ir_ui_view.py:520 
2025-05-28 10:05:34,805 22500 DEBUG thanh123 odoo.modules.registry: Invalidating templates model caches from write C:\Users\hp\OneDrive\Documents\odoo-final-project\src\odoo\odoo\addons\base\models\ir_ui_view.py:520 
2025-05-28 10:05:34,939 22500 INFO thanh123 odoo.modules.loading: Modules loaded. 
2025-05-28 10:05:34,951 22500 INFO thanh123 odoo.modules.registry: Registry loaded in 2.281s 
2025-05-28 10:05:34,953 22500 DEBUG thanh123 odoo.service.server: cron0 started! 
2025-05-28 10:05:34,954 22500 DEBUG thanh123 odoo.service.server: cron1 started! 
2025-05-28 10:05:35,355 22500 DEBUG ? odoo.http: HTTP sessions stored in: c:\users\hp\appdata\local\odoo\sessions 
2025-05-28 10:05:35,405 22500 DEBUG ? odoo.modules.registry: Multiprocess load registry signaling: [Registry: 12] [Cache default: 2] [Cache assets: 1] [Cache templates: 1] [Cache routing: 1] 
2025-05-28 10:05:35,409 22500 INFO thanhdz odoo.modules.loading: loading 1 modules... 
2025-05-28 10:05:35,409 22500 DEBUG thanhdz odoo.modules.loading: Loading module base (1/1) 
2025-05-28 10:05:35,413 22500 DEBUG thanhdz odoo.modules.loading: Module base loaded in 0.00s, 0 queries 
2025-05-28 10:05:35,413 22500 INFO thanhdz odoo.modules.loading: 1 modules loaded in 0.00s, 0 queries (+0 extra) 
2025-05-28 10:05:35,414 22500 DEBUG thanhdz odoo.modules.loading: Updating graph with 19 more modules 
2025-05-28 10:05:35,414 22500 INFO thanhdz odoo.modules.loading: loading 20 modules... 
2025-05-28 10:05:35,414 22500 DEBUG thanhdz odoo.modules.loading: Loading module web (2/20) 
2025-05-28 10:05:35,416 22500 DEBUG thanhdz odoo.modules.loading: Module web loaded in 0.00s, 0 queries 
2025-05-28 10:05:35,416 22500 DEBUG thanhdz odoo.modules.loading: Loading module auth_totp (3/20) 
2025-05-28 10:05:35,416 22500 DEBUG thanhdz odoo.modules.loading: Module auth_totp loaded in 0.00s, 0 queries 
2025-05-28 10:05:35,416 22500 DEBUG thanhdz odoo.modules.loading: Loading module base_import (4/20) 
2025-05-28 10:05:35,417 22500 DEBUG thanhdz odoo.modules.loading: Module base_import loaded in 0.00s, 0 queries 
2025-05-28 10:05:35,417 22500 DEBUG thanhdz odoo.modules.loading: Loading module base_import_module (5/20) 
2025-05-28 10:05:35,417 22500 DEBUG thanhdz odoo.modules.loading: Module base_import_module loaded in 0.00s, 0 queries 
2025-05-28 10:05:35,417 22500 DEBUG thanhdz odoo.modules.loading: Loading module base_setup (6/20) 
2025-05-28 10:05:35,417 22500 DEBUG thanhdz odoo.modules.loading: Module base_setup loaded in 0.00s, 0 queries 
2025-05-28 10:05:35,417 22500 DEBUG thanhdz odoo.modules.loading: Loading module bus (7/20) 
2025-05-28 10:05:35,418 22500 DEBUG thanhdz odoo.modules.loading: Module bus loaded in 0.00s, 0 queries 
2025-05-28 10:05:35,418 22500 DEBUG thanhdz odoo.modules.loading: Loading module garment_base (8/20) 
2025-05-28 10:05:35,419 22500 WARNING thanhdz odoo.api.create: The model odoo.addons.garment_base.models.model_dynamic_templates is not overriding the create method in batch 
2025-05-28 10:05:35,420 22500 WARNING thanhdz odoo.api.create: The model odoo.addons.garment_base.models.model_dynamic_templates is not overriding the create method in batch 
2025-05-28 10:05:35,420 22500 WARNING thanhdz odoo.api.create: The model odoo.addons.garment_base.models.model_dynamic_templates is not overriding the create method in batch 
2025-05-28 10:05:35,420 22500 WARNING thanhdz odoo.api.create: The model odoo.addons.garment_base.models.model_dynamic_templates is not overriding the create method in batch 
2025-05-28 10:05:35,420 22500 WARNING thanhdz odoo.api.create: The model odoo.addons.garment_base.models.model_dynamic_templates is not overriding the create method in batch 
2025-05-28 10:05:35,420 22500 WARNING thanhdz odoo.api.create: The model odoo.addons.garment_base.models.model_dynamic_templates is not overriding the create method in batch 
2025-05-28 10:05:35,422 22500 WARNING thanhdz odoo.api.create: The model odoo.addons.garment_base.models.model_sample is not overriding the create method in batch 
2025-05-28 10:05:35,446 22500 WARNING thanhdz odoo.api.create: The model odoo.addons.garment_base.models.production_order is not overriding the create method in batch 
2025-05-28 10:05:35,449 22500 WARNING thanhdz odoo.api.create: The model odoo.addons.garment_base.models.production_process is not overriding the create method in batch 
2025-05-28 10:05:35,450 22500 WARNING thanhdz odoo.api.create: The model odoo.addons.garment_base.models.production_cost is not overriding the create method in batch 
2025-05-28 10:05:35,451 22500 WARNING thanhdz odoo.api.create: The model odoo.addons.garment_base.models.production_material is not overriding the create method in batch 
2025-05-28 10:05:35,455 22500 DEBUG thanhdz odoo.modules.loading: Module garment_base loaded in 0.04s, 0 queries 
2025-05-28 10:05:35,455 22500 DEBUG thanhdz odoo.modules.loading: Loading module web_cohort (9/20) 
2025-05-28 10:05:35,456 22500 DEBUG thanhdz odoo.modules.loading: Module web_cohort loaded in 0.00s, 0 queries 
2025-05-28 10:05:35,456 22500 DEBUG thanhdz odoo.modules.loading: Loading module web_gantt (10/20) 
2025-05-28 10:05:35,457 22500 DEBUG thanhdz odoo.modules.loading: Module web_gantt loaded in 0.00s, 0 queries 
2025-05-28 10:05:35,457 22500 DEBUG thanhdz odoo.modules.loading: Loading module web_grid (11/20) 
2025-05-28 10:05:35,457 22500 DEBUG thanhdz odoo.modules.loading: Module web_grid loaded in 0.00s, 0 queries 
2025-05-28 10:05:35,457 22500 DEBUG thanhdz odoo.modules.loading: Loading module web_tour (12/20) 
2025-05-28 10:05:35,457 22500 DEBUG thanhdz odoo.modules.loading: Module web_tour loaded in 0.00s, 0 queries 
2025-05-28 10:05:35,458 22500 DEBUG thanhdz odoo.modules.loading: Loading module garment_order (13/20) 
2025-05-28 10:05:35,459 22500 DEBUG thanhdz odoo.modules.loading: Module garment_order loaded in 0.00s, 0 queries 
2025-05-28 10:05:35,459 22500 DEBUG thanhdz odoo.modules.loading: Loading module garment_production (14/20) 
2025-05-28 10:05:35,459 22500 DEBUG thanhdz odoo.modules.loading: Module garment_production loaded in 0.00s, 0 queries 
2025-05-28 10:05:35,459 22500 DEBUG thanhdz odoo.modules.loading: Loading module iap (15/20) 
2025-05-28 10:05:35,460 22500 DEBUG thanhdz odoo.modules.loading: Module iap loaded in 0.00s, 0 queries 
2025-05-28 10:05:35,460 22500 DEBUG thanhdz odoo.modules.loading: Loading module web_editor (16/20) 
2025-05-28 10:05:35,461 22500 DEBUG thanhdz odoo.modules.loading: Module web_editor loaded in 0.00s, 0 queries 
2025-05-28 10:05:35,461 22500 DEBUG thanhdz odoo.modules.loading: Loading module web_enterprise (17/20) 
2025-05-28 10:05:35,461 22500 DEBUG thanhdz odoo.modules.loading: Module web_enterprise loaded in 0.00s, 0 queries 
2025-05-28 10:05:35,461 22500 DEBUG thanhdz odoo.modules.loading: Loading module web_map (18/20) 
2025-05-28 10:05:35,463 22500 DEBUG thanhdz odoo.modules.loading: Module web_map loaded in 0.00s, 0 queries 
2025-05-28 10:05:35,463 22500 DEBUG thanhdz odoo.modules.loading: Loading module web_mobile (19/20) 
2025-05-28 10:05:35,464 22500 DEBUG thanhdz odoo.modules.loading: Module web_mobile loaded in 0.00s, 0 queries 
2025-05-28 10:05:35,464 22500 DEBUG thanhdz odoo.modules.loading: Loading module web_unsplash (20/20) 
2025-05-28 10:05:35,464 22500 DEBUG thanhdz odoo.modules.loading: Module web_unsplash loaded in 0.00s, 0 queries 
2025-05-28 10:05:35,464 22500 INFO thanhdz odoo.modules.loading: 20 modules loaded in 0.05s, 0 queries (+0 extra) 
2025-05-28 10:05:35,484 22500 WARNING thanhdz odoo.fields: Field product.style.code: unknown parameter 'unique', if this is an actual parameter you may want to override the method _valid_field_parameter on the relevant model in order to allow it 
2025-05-28 10:05:35,485 22500 WARNING thanhdz odoo.fields: Field production.order.name: unknown parameter 'unique', if this is an actual parameter you may want to override the method _valid_field_parameter on the relevant model in order to allow it 
2025-05-28 10:05:35,485 22500 WARNING thanhdz odoo.fields: Field production.bundle.bundle_no: unknown parameter 'unique', if this is an actual parameter you may want to override the method _valid_field_parameter on the relevant model in order to allow it 
2025-05-28 10:05:35,485 22500 WARNING thanhdz odoo.fields: Field production.worker.entry.employee_id with unknown comodel_name 'hr.employee' 
2025-05-28 10:05:35,485 22500 WARNING thanhdz odoo.fields: Field production.salary.adjust.employee_id with unknown comodel_name 'hr.employee' 
2025-05-28 10:05:35,485 22500 WARNING thanhdz odoo.fields: Field product.lot.lot_code: unknown parameter 'unique', if this is an actual parameter you may want to override the method _valid_field_parameter on the relevant model in order to allow it 
2025-05-28 10:05:35,489 22500 INFO thanhdz odoo.modules.loading: Modules loaded. 
2025-05-28 10:05:35,493 22500 INFO thanhdz odoo.modules.registry: Registry loaded in 0.137s 
2025-05-28 10:05:35,494 22500 INFO thanhdz odoo.addons.base.models.ir_http: Generating routing map for key None 
2025-05-28 10:05:35,812 22500 WARNING thanhdz odoo.addons.base.models.ir_qweb: Found deprecated directive @t-esc="title or 'Odoo'" in template 180. Replace by @t-out 
2025-05-28 10:05:35,813 22500 WARNING thanhdz odoo.addons.base.models.ir_qweb: Found deprecated directive @t-esc='request.csrf_token(None)' in template 180. Replace by @t-out 
2025-05-28 10:05:35,813 22500 WARNING thanhdz odoo.addons.base.models.ir_qweb: Found deprecated directive @t-esc='debug' in template 180. Replace by @t-out 
2025-05-28 10:05:35,817 22500 INFO thanhdz werkzeug: 127.0.0.1 - - [28/May/2025 10:05:35] "GET /web HTTP/1.1" 200 - 99 0.083 0.379
2025-05-28 10:05:35,907 22500 DEBUG ? odoo.modules.module: module CONTRIBUTING.md: no manifest file found ('__manifest__.py', '__openerp__.py') 
2025-05-28 10:05:35,907 22500 DEBUG ? odoo.modules.module: module COPYRIGHT: no manifest file found ('__manifest__.py', '__openerp__.py') 
2025-05-28 10:05:35,914 22500 DEBUG ? odoo.modules.module: module l10n_generic_coa: no manifest file found ('__manifest__.py', '__openerp__.py') 
2025-05-28 10:05:35,917 22500 DEBUG ? odoo.modules.module: module LICENSE: no manifest file found ('__manifest__.py', '__openerp__.py') 
2025-05-28 10:05:35,923 22500 DEBUG ? odoo.modules.module: module README.md: no manifest file found ('__manifest__.py', '__openerp__.py') 
2025-05-28 10:05:35,932 22500 DEBUG ? odoo.modules.module: module __init__.py: no manifest file found ('__manifest__.py', '__openerp__.py') 
2025-05-28 10:05:35,933 22500 DEBUG ? odoo.modules.module: module __pycache__: no manifest file found ('__manifest__.py', '__openerp__.py') 
2025-05-28 10:05:35,933 22500 DEBUG ? odoo.modules.module: module garment_authorization: no manifest file found ('__manifest__.py', '__openerp__.py') 
2025-05-28 10:05:35,987 22500 INFO thanhdz werkzeug: 127.0.0.1 - - [28/May/2025 10:05:35] "POST /web/action/load HTTP/1.1" 200 - 9 0.008 0.081
2025-05-28 10:05:36,217 22500 DEBUG thanhdz odoo.api: call production.order().get_views(options={'action_id': 126, 'load_filters': True, 'toolbar': True}, views=[[False, 'list'], [False, 'kanban'], [False, 'form'], [False, 'pivot'], [False, 'graph'], [False, 'search']]) 
2025-05-28 10:05:36,304 22500 INFO thanhdz werkzeug: 127.0.0.1 - - [28/May/2025 10:05:36] "POST /web/dataset/call_kw/production.order/get_views HTTP/1.1" 200 - 56 0.018 0.072
2025-05-28 10:05:36,312 22500 INFO thanhdz werkzeug: 127.0.0.1 - - [28/May/2025 10:05:36] "GET /web/manifest.webmanifest HTTP/1.1" 200 - 10 0.007 0.076
2025-05-28 10:05:36,315 22500 INFO thanhdz werkzeug: 127.0.0.1 - - [28/May/2025 10:05:36] "GET /bus/websocket_worker_bundle?v=1.0.7 HTTP/1.1" 304 - 4 0.004 0.004
2025-05-28 10:05:36,336 22500 INFO thanhdz werkzeug: 127.0.0.1 - - [28/May/2025 10:05:36] "GET /web/image?model=res.users&field=avatar_128&id=2 HTTP/1.1" 304 - 22 0.026 0.081
2025-05-28 10:05:36,624 22500 DEBUG thanhdz odoo.api: call production.order(7,).web_read(specification={'state': {}, 'process_count': {}, 'image': {}, 'write_date': {}, 'name': {}, 'garment_order_id': {'fields': {'display_name': {}}, 'context': {'default_state': 'confirmed'}}, 'order_name': {}, 'order_number': {}, 'client': {}, 'delivery_date': {}, 'sample_id': {'fields': {'display_name': {}}}, 'sample_name': {}, 'sample_number': {}, 'brand': {}, 'development_date': {}, 'designer': {}, 'sample_color': {}, 'planned_date': {}, 'shipping_date': {}, 'cost_total': {}, 'progress_percentage': {}, 'line_ids': {'fields': {'size': {}, 'color': {}, 'planned_qty': {}, 'done_qty': {}, 'bundle_ids': {'fields': {'bundle_no': {}, 'qty': {}, 'ticket_printed': {}}, 'limit': 40, 'order': ''}}, 'limit': 40, 'order': ''}, 'material_ids': {'fields': {'name': {}, 'item_number': {}, 'specification': {}, 'unit': {}, 'quantity': {}, 'total_usage': {}, 'unit_price': {}}, 'limit': 40, 'order': ''}, 'process_ids': {'fields': {'sequence': {}, 'name': {}, 'unit_price': {}, 'multiplier': {}, 'quantity': {}, 'total_price': {}, 'note': {}}, 'limit': 40, 'order': 'sequence ASC'}, 'process_requirements': {}, 'cost_ids': {'fields': {'note': {}, 'amount': {}, 'cost_type': {}}, 'limit': 40, 'order': '', 'context': {'default_cost_type': 'other'}}, 'total_other_cost': {}, 'total_material_cost': {}, 'total_process_cost': {}, 'progress_ids': {'fields': {'step_name': {}, 'completed_qty': {}, 'date': {}, 'note': {}}, 'limit': 40, 'order': ''}, 'distribution_ids': {'fields': {'allocate_qty': {}, 'method': {}}, 'limit': 40, 'order': ''}, 'display_name': {}}) 
2025-05-28 10:05:36,634 22500 INFO thanhdz werkzeug: 127.0.0.1 - - [28/May/2025 10:05:36] "GET /websocket HTTP/1.1" 101 - 1 0.000 0.004
2025-05-28 10:05:36,638 22500 INFO ? odoo.addons.bus.models.bus: Bus.loop listen imbus on db postgres 
2025-05-28 10:05:36,675 22500 INFO thanhdz werkzeug: 127.0.0.1 - - [28/May/2025 10:05:36] "POST /web/dataset/call_kw/production.order/web_read HTTP/1.1" 200 - 42 0.025 0.029
2025-05-28 10:05:37,983 22500 DEBUG thanhdz odoo.api: call garment.order().name_search(args=[], limit=8, name='', operator='ilike') 
2025-05-28 10:05:37,986 22500 INFO thanhdz werkzeug: 127.0.0.1 - - [28/May/2025 10:05:37] "POST /web/dataset/call_kw/garment.order/name_search HTTP/1.1" 200 - 4 0.003 0.002
2025-05-28 10:05:38,253 22500 INFO thanhdz werkzeug: 127.0.0.1 - - [28/May/2025 10:05:38] "GET /web/service-worker.js HTTP/1.1" 200 - 1 0.001 0.001
2025-05-28 10:05:38,321 22500 DEBUG thanhdz odoo.api: call production.order(7,).onchange({'garment_order_id': 1}, ['garment_order_id'], {'state': {}, 'process_count': {}, 'image': {}, 'write_date': {}, 'name': {}, 'garment_order_id': {'fields': {'display_name': {}}, 'context': {'default_state': 'confirmed'}}, 'order_name': {}, 'order_number': {}, 'client': {}, 'delivery_date': {}, 'sample_id': {'fields': {'display_name': {}}}, 'sample_name': {}, 'sample_number': {}, 'brand': {}, 'development_date': {}, 'designer': {}, 'sample_color': {}, 'planned_date': {}, 'shipping_date': {}, 'cost_total': {}, 'progress_percentage': {}, 'line_ids': {'fields': {'size': {}, 'color': {}, 'planned_qty': {}, 'done_qty': {}, 'bundle_ids': {'fields': {'bundle_no': {}, 'qty': {}, 'ticket_printed': {}}, 'limit': 40, 'order': ''}}, 'limit': 40, 'order': ''}, 'material_ids': {'fields': {'name': {}, 'item_number': {}, 'specification': {}, 'unit': {}, 'quantity': {}, 'total_usage': {}, 'unit_price': {}}, 'limit': 40, 'order': ''}, 'process_ids': {'fields': {'sequence': {}, 'name': {}, 'unit_price': {}, 'multiplier': {}, 'quantity': {}, 'total_price': {}, 'note': {}}, 'limit': 40, 'order': 'sequence ASC'}, 'process_requirements': {}, 'cost_ids': {'fields': {'note': {}, 'amount': {}, 'cost_type': {}}, 'limit': 40, 'order': '', 'context': {'default_cost_type': 'other'}}, 'total_other_cost': {}, 'total_material_cost': {}, 'total_process_cost': {}, 'progress_ids': {'fields': {'step_name': {}, 'completed_qty': {}, 'date': {}, 'note': {}}, 'limit': 40, 'order': ''}, 'distribution_ids': {'fields': {'allocate_qty': {}, 'method': {}}, 'limit': 40, 'order': ''}, 'display_name': {}}) 
2025-05-28 10:05:38,348 22500 INFO thanhdz werkzeug: 127.0.0.1 - - [28/May/2025 10:05:38] "POST /web/dataset/call_kw/production.order/onchange HTTP/1.1" 200 - 43 0.021 0.008
2025-05-28 10:05:44,299 22500 DEBUG thanhdz odoo.api: call garment.order().name_search(args=[], limit=8, name='', operator='ilike') 
2025-05-28 10:05:44,301 22500 INFO thanhdz werkzeug: 127.0.0.1 - - [28/May/2025 10:05:44] "POST /web/dataset/call_kw/garment.order/name_search HTTP/1.1" 200 - 4 0.001 0.003
2025-05-28 10:05:46,046 22500 DEBUG thanhdz odoo.api: call production.order(7,).onchange({'garment_order_id': 3, 'order_name': 'Winter Blouse Collection', 'order_number': 'ORD-2024-002', 'delivery_date': '2025-04-18'}, ['garment_order_id'], {'state': {}, 'process_count': {}, 'image': {}, 'write_date': {}, 'name': {}, 'garment_order_id': {'fields': {'display_name': {}}, 'context': {'default_state': 'confirmed'}}, 'order_name': {}, 'order_number': {}, 'client': {}, 'delivery_date': {}, 'sample_id': {'fields': {'display_name': {}}}, 'sample_name': {}, 'sample_number': {}, 'brand': {}, 'development_date': {}, 'designer': {}, 'sample_color': {}, 'planned_date': {}, 'shipping_date': {}, 'cost_total': {}, 'progress_percentage': {}, 'line_ids': {'fields': {'size': {}, 'color': {}, 'planned_qty': {}, 'done_qty': {}, 'bundle_ids': {'fields': {'bundle_no': {}, 'qty': {}, 'ticket_printed': {}}, 'limit': 40, 'order': ''}}, 'limit': 40, 'order': ''}, 'material_ids': {'fields': {'name': {}, 'item_number': {}, 'specification': {}, 'unit': {}, 'quantity': {}, 'total_usage': {}, 'unit_price': {}}, 'limit': 40, 'order': ''}, 'process_ids': {'fields': {'sequence': {}, 'name': {}, 'unit_price': {}, 'multiplier': {}, 'quantity': {}, 'total_price': {}, 'note': {}}, 'limit': 40, 'order': 'sequence ASC'}, 'process_requirements': {}, 'cost_ids': {'fields': {'note': {}, 'amount': {}, 'cost_type': {}}, 'limit': 40, 'order': '', 'context': {'default_cost_type': 'other'}}, 'total_other_cost': {}, 'total_material_cost': {}, 'total_process_cost': {}, 'progress_ids': {'fields': {'step_name': {}, 'completed_qty': {}, 'date': {}, 'note': {}}, 'limit': 40, 'order': ''}, 'distribution_ids': {'fields': {'allocate_qty': {}, 'method': {}}, 'limit': 40, 'order': ''}, 'display_name': {}}) 
2025-05-28 10:05:46,079 22500 INFO thanhdz werkzeug: 127.0.0.1 - - [28/May/2025 10:05:46] "POST /web/dataset/call_kw/production.order/onchange HTTP/1.1" 200 - 43 0.024 0.014
2025-05-28 10:06:35,003 22500 DEBUG ? odoo.service.server: cron0 polling for jobs 
2025-05-28 10:06:36,055 22500 DEBUG ? odoo.service.server: cron1 polling for jobs 
2025-05-28 10:07:35,024 22500 DEBUG ? odoo.service.server: cron0 polling for jobs 
2025-05-28 10:07:35,040 22500 DEBUG thanh123 odoo.addons.base.models.ir_cron: job 1 acquired 
2025-05-28 10:07:35,125 22500 DEBUG thanh123 odoo.addons.base.models.ir_cron: cron.object.execute('thanh123', 1, '*', 'Base: Auto-vacuum internal data', 34) 
2025-05-28 10:07:35,125 22500 INFO thanh123 odoo.addons.base.models.ir_cron: Starting job `Base: Auto-vacuum internal data`. 
2025-05-28 10:07:35,140 22500 DEBUG thanh123 odoo.addons.base.models.ir_autovacuum: Calling wizard.ir.model.menu.create()._transient_vacuum() 
2025-05-28 10:07:35,147 22500 DEBUG thanh123 odoo.addons.base.models.ir_autovacuum: Calling reset.view.arch.wizard()._transient_vacuum() 
2025-05-28 10:07:35,153 22500 DEBUG thanh123 odoo.addons.base.models.ir_autovacuum: Calling ir.attachment()._gc_file_store() 
2025-05-28 10:07:35,165 22500 INFO thanh123 odoo.addons.base.models.ir_attachment: filestore gc 0 checked, 0 removed 
2025-05-28 10:07:35,166 22500 DEBUG thanh123 odoo.addons.base.models.ir_autovacuum: Calling ir.cron.trigger()._gc_cron_triggers() 
2025-05-28 10:07:35,177 22500 DEBUG thanh123 odoo.addons.base.models.ir_autovacuum: Calling ir.http()._gc_sessions() 
2025-05-28 10:07:35,183 22500 DEBUG thanh123 odoo.addons.base.models.ir_autovacuum: Calling ir.demo()._transient_vacuum() 
2025-05-28 10:07:35,185 22500 DEBUG thanh123 odoo.addons.base.models.ir_autovacuum: Calling ir.demo_failure()._transient_vacuum() 
2025-05-28 10:07:35,188 22500 DEBUG thanh123 odoo.addons.base.models.ir_autovacuum: Calling ir.demo_failure.wizard()._transient_vacuum() 
2025-05-28 10:07:35,190 22500 DEBUG thanh123 odoo.addons.base.models.ir_autovacuum: Calling ir.profile()._gc_profile() 
2025-05-28 10:07:35,192 22500 DEBUG thanh123 odoo.addons.base.models.ir_autovacuum: Calling base.enable.profiling.wizard()._transient_vacuum() 
2025-05-28 10:07:35,199 22500 DEBUG thanh123 odoo.addons.base.models.ir_autovacuum: Calling res.config()._transient_vacuum() 
2025-05-28 10:07:35,201 22500 DEBUG thanh123 odoo.addons.base.models.ir_autovacuum: Calling res.config.installer()._transient_vacuum() 
2025-05-28 10:07:35,204 22500 DEBUG thanh123 odoo.addons.base.models.ir_autovacuum: Calling res.config.settings()._transient_vacuum() 
2025-05-28 10:07:35,206 22500 DEBUG thanh123 odoo.addons.base.models.ir_autovacuum: Calling res.users.log()._gc_user_logs() 
2025-05-28 10:07:35,207 22500 INFO thanh123 odoo.addons.base.models.res_users: GC'd 0 user log entries 
2025-05-28 10:07:35,209 22500 DEBUG thanh123 odoo.addons.base.models.ir_autovacuum: Calling res.users.identitycheck()._transient_vacuum() 
2025-05-28 10:07:35,211 22500 DEBUG thanh123 odoo.addons.base.models.ir_autovacuum: Calling change.password.wizard()._transient_vacuum() 
2025-05-28 10:07:35,213 22500 DEBUG thanh123 odoo.addons.base.models.ir_autovacuum: Calling change.password.user()._transient_vacuum() 
2025-05-28 10:07:35,214 22500 DEBUG thanh123 odoo.addons.base.models.ir_autovacuum: Calling change.password.own()._transient_vacuum() 
2025-05-28 10:07:35,217 22500 DEBUG thanh123 odoo.addons.base.models.ir_autovacuum: Calling res.users.apikeys.description()._transient_vacuum() 
2025-05-28 10:07:35,221 22500 DEBUG thanh123 odoo.addons.base.models.ir_autovacuum: Calling base.module.update()._transient_vacuum() 
2025-05-28 10:07:35,223 22500 DEBUG thanh123 odoo.addons.base.models.ir_autovacuum: Calling base.language.install()._transient_vacuum() 
2025-05-28 10:07:35,225 22500 DEBUG thanh123 odoo.addons.base.models.ir_autovacuum: Calling base.language.import()._transient_vacuum() 
2025-05-28 10:07:35,227 22500 DEBUG thanh123 odoo.addons.base.models.ir_autovacuum: Calling base.module.upgrade()._transient_vacuum() 
2025-05-28 10:07:35,229 22500 DEBUG thanh123 odoo.addons.base.models.ir_autovacuum: Calling base.module.uninstall()._transient_vacuum() 
2025-05-28 10:07:35,230 22500 DEBUG thanh123 odoo.addons.base.models.ir_autovacuum: Calling base.language.export()._transient_vacuum() 
2025-05-28 10:07:35,233 22500 DEBUG thanh123 odoo.addons.base.models.ir_autovacuum: Calling base.partner.merge.line()._transient_vacuum() 
2025-05-28 10:07:35,235 22500 DEBUG thanh123 odoo.addons.base.models.ir_autovacuum: Calling base.partner.merge.automatic.wizard()._transient_vacuum() 
2025-05-28 10:07:35,238 22500 DEBUG thanh123 odoo.addons.base.models.ir_autovacuum: Calling base.document.layout()._transient_vacuum() 
2025-05-28 10:07:35,239 22500 DEBUG thanh123 odoo.addons.base.models.ir_autovacuum: Calling auth_totp.device()._gc_device() 
2025-05-28 10:07:35,241 22500 INFO thanh123 odoo.addons.auth_totp.models.auth_totp: GC'd 0 totp devices entries 
2025-05-28 10:07:35,242 22500 DEBUG thanh123 odoo.addons.base.models.ir_autovacuum: Calling auth_totp.wizard()._transient_vacuum() 
2025-05-28 10:07:35,245 22500 DEBUG thanh123 odoo.addons.base.models.ir_autovacuum: Calling base_import.import()._transient_vacuum() 
2025-05-28 10:07:35,247 22500 DEBUG thanh123 odoo.addons.base.models.ir_autovacuum: Calling base.import.module()._transient_vacuum() 
2025-05-28 10:07:35,249 22500 DEBUG thanh123 odoo.addons.base.models.ir_autovacuum: Calling bus.bus()._gc_messages() 
2025-05-28 10:07:35,252 22500 DEBUG thanh123 odoo.addons.base.models.ir_autovacuum: Calling bus.presence()._gc_bus_presence() 
2025-05-28 10:07:35,256 22500 DEBUG thanh123 odoo.addons.base.models.ir_autovacuum: Calling iap.account.info()._transient_vacuum() 
2025-05-28 10:07:35,259 22500 INFO thanh123 odoo.addons.base.models.ir_cron: Job `Base: Auto-vacuum internal data` done. 
2025-05-28 10:07:35,259 22500 DEBUG thanh123 odoo.addons.base.models.ir_cron: 0.134s (cron Base: Auto-vacuum internal data, server action 34 with uid 1) 
2025-05-28 10:07:35,260 22500 DEBUG thanh123 odoo.addons.base.models.ir_cron: job 1 updated and released 
2025-05-28 10:07:35,260 22500 DEBUG thanh123 odoo.addons.base.models.ir_cron: job 2 acquired 
2025-05-28 10:07:35,262 22500 DEBUG thanh123 odoo.addons.base.models.ir_cron: cron.object.execute('thanh123', 1, '*', 'Base: Portal Users Deletion', 35) 
2025-05-28 10:07:35,263 22500 INFO thanh123 odoo.addons.base.models.ir_cron: Starting job `Base: Portal Users Deletion`. 
2025-05-28 10:07:35,266 22500 INFO thanh123 odoo.addons.base.models.ir_cron: Job `Base: Portal Users Deletion` done. 
2025-05-28 10:07:35,266 22500 DEBUG thanh123 odoo.addons.base.models.ir_cron: 0.002s (cron Base: Portal Users Deletion, server action 35 with uid 1) 
2025-05-28 10:07:35,267 22500 DEBUG thanh123 odoo.addons.base.models.ir_cron: job 2 updated and released 
2025-05-28 10:07:37,069 22500 DEBUG ? odoo.service.server: cron1 polling for jobs 
2025-05-28 10:08:35,275 22500 DEBUG ? odoo.service.server: cron0 polling for jobs 
2025-05-28 10:08:38,083 22500 DEBUG ? odoo.service.server: cron1 polling for jobs 
2025-05-28 10:09:35,283 22500 DEBUG ? odoo.service.server: cron0 polling for jobs 
2025-05-28 10:09:39,109 22500 DEBUG ? odoo.service.server: cron1 polling for jobs 
2025-05-28 10:10:35,296 22500 DEBUG ? odoo.service.server: cron0 polling for jobs 
2025-05-28 10:10:40,126 22500 DEBUG ? odoo.service.server: cron1 polling for jobs 
2025-05-28 10:11:35,308 22500 DEBUG ? odoo.service.server: cron0 polling for jobs 
2025-05-28 10:11:41,142 22500 DEBUG ? odoo.service.server: cron1 polling for jobs 
2025-05-28 10:12:35,311 22500 DEBUG ? odoo.service.server: cron0 polling for jobs 
2025-05-28 10:12:42,167 22500 DEBUG ? odoo.service.server: cron1 polling for jobs 
2025-05-28 10:13:35,327 22500 DEBUG ? odoo.service.server: cron0 polling for jobs 
2025-05-28 10:13:43,187 22500 DEBUG ? odoo.service.server: cron1 polling for jobs 
2025-05-28 10:14:35,339 22500 DEBUG ? odoo.service.server: cron0 polling for jobs 
2025-05-28 10:14:44,203 22500 DEBUG ? odoo.service.server: cron1 polling for jobs 
2025-05-28 10:15:35,342 22500 DEBUG ? odoo.service.server: cron0 polling for jobs 
2025-05-28 10:15:45,217 22500 DEBUG ? odoo.service.server: cron1 polling for jobs 
2025-05-28 10:16:35,355 22500 DEBUG ? odoo.service.server: cron0 polling for jobs 
2025-05-28 10:16:46,245 22500 DEBUG ? odoo.service.server: cron1 polling for jobs 
2025-05-28 10:17:35,362 22500 DEBUG ? odoo.service.server: cron0 polling for jobs 
2025-05-28 10:17:47,268 22500 DEBUG ? odoo.service.server: cron1 polling for jobs 
2025-05-28 10:18:35,366 22500 DEBUG ? odoo.service.server: cron0 polling for jobs 
2025-05-28 10:18:48,293 22500 DEBUG ? odoo.service.server: cron1 polling for jobs 
2025-05-28 10:19:35,376 22500 DEBUG ? odoo.service.server: cron0 polling for jobs 
2025-05-28 10:19:49,309 22500 DEBUG ? odoo.service.server: cron1 polling for jobs 
2025-05-28 10:20:35,384 22500 DEBUG ? odoo.service.server: cron0 polling for jobs 
2025-05-28 10:20:50,337 22500 DEBUG ? odoo.service.server: cron1 polling for jobs 
2025-05-28 10:21:35,390 22500 DEBUG ? odoo.service.server: cron0 polling for jobs 
2025-05-28 10:21:51,351 22500 DEBUG ? odoo.service.server: cron1 polling for jobs 
2025-05-28 10:22:35,403 22500 DEBUG ? odoo.service.server: cron0 polling for jobs 
2025-05-28 10:22:52,367 22500 DEBUG ? odoo.service.server: cron1 polling for jobs 
2025-05-28 10:23:35,406 22500 DEBUG ? odoo.service.server: cron0 polling for jobs 
2025-05-28 10:23:53,387 22500 DEBUG ? odoo.service.server: cron1 polling for jobs 
2025-05-28 10:24:35,409 22500 DEBUG ? odoo.service.server: cron0 polling for jobs 
2025-05-28 10:24:54,402 22500 DEBUG ? odoo.service.server: cron1 polling for jobs 
2025-05-28 10:25:35,426 22500 DEBUG ? odoo.service.server: cron0 polling for jobs 
2025-05-28 10:25:55,425 22500 DEBUG ? odoo.service.server: cron1 polling for jobs 
2025-05-28 10:26:35,437 22500 DEBUG ? odoo.service.server: cron0 polling for jobs 
2025-05-28 10:26:56,450 22500 DEBUG ? odoo.service.server: cron1 polling for jobs 
2025-05-28 10:27:35,442 22500 DEBUG ? odoo.service.server: cron0 polling for jobs 
2025-05-28 10:27:57,473 22500 DEBUG ? odoo.service.server: cron1 polling for jobs 
2025-05-28 10:28:35,448 22500 DEBUG ? odoo.service.server: cron0 polling for jobs 
2025-05-28 10:28:58,500 22500 DEBUG ? odoo.service.server: cron1 polling for jobs 
2025-05-28 10:29:35,459 22500 DEBUG ? odoo.service.server: cron0 polling for jobs 
2025-05-28 10:29:59,512 22500 DEBUG ? odoo.service.server: cron1 polling for jobs 
2025-05-28 10:30:35,474 22500 DEBUG ? odoo.service.server: cron0 polling for jobs 
2025-05-28 10:31:00,538 22500 DEBUG ? odoo.service.server: cron1 polling for jobs 
2025-05-28 10:31:35,482 22500 DEBUG ? odoo.service.server: cron0 polling for jobs 
2025-05-28 10:32:01,554 22500 DEBUG ? odoo.service.server: cron1 polling for jobs 
2025-05-28 10:32:35,493 22500 DEBUG ? odoo.service.server: cron0 polling for jobs 
2025-05-28 10:33:02,577 22500 DEBUG ? odoo.service.server: cron1 polling for jobs 
2025-05-28 10:33:35,506 22500 DEBUG ? odoo.service.server: cron0 polling for jobs 
2025-05-28 10:34:03,592 22500 DEBUG ? odoo.service.server: cron1 polling for jobs 
2025-05-28 10:34:35,511 22500 DEBUG ? odoo.service.server: cron0 polling for jobs 
2025-05-28 10:35:04,612 22500 DEBUG ? odoo.service.server: cron1 polling for jobs 
2025-05-28 10:35:35,524 22500 DEBUG ? odoo.service.server: cron0 polling for jobs 
2025-05-28 10:36:05,629 22500 DEBUG ? odoo.service.server: cron1 polling for jobs 
2025-05-28 10:36:35,531 22500 DEBUG ? odoo.service.server: cron0 polling for jobs 
2025-05-28 10:37:06,656 22500 DEBUG ? odoo.service.server: cron1 polling for jobs 
2025-05-28 10:37:35,545 22500 DEBUG ? odoo.service.server: cron0 polling for jobs 
2025-05-28 10:38:07,680 22500 DEBUG ? odoo.service.server: cron1 polling for jobs 
2025-05-28 10:38:35,554 22500 DEBUG ? odoo.service.server: cron0 polling for jobs 
2025-05-28 10:39:08,699 22500 DEBUG ? odoo.service.server: cron1 polling for jobs 
2025-05-28 10:39:35,564 22500 DEBUG ? odoo.service.server: cron0 polling for jobs 
2025-05-28 10:40:09,724 22500 DEBUG ? odoo.service.server: cron1 polling for jobs 
2025-05-28 10:40:35,572 22500 DEBUG ? odoo.service.server: cron0 polling for jobs 
2025-05-28 10:41:10,751 22500 DEBUG ? odoo.service.server: cron1 polling for jobs 
2025-05-28 10:41:35,585 22500 DEBUG ? odoo.service.server: cron0 polling for jobs 
2025-05-28 10:42:11,769 22500 DEBUG ? odoo.service.server: cron1 polling for jobs 
2025-05-28 10:42:35,601 22500 DEBUG ? odoo.service.server: cron0 polling for jobs 
2025-05-28 10:42:54,484 22500 INFO thanh123 odoo.service.server: Initiating shutdown 
2025-05-28 10:42:54,484 22500 INFO thanh123 odoo.service.server: Hit CTRL-C again or send a second signal to force the shutdown. 
2025-05-28 10:42:54,644 22500 DEBUG thanh123 odoo.service.server: on_close call <bound method Event.set of <threading.Event at 0x14aa87c8ed0: unset>> 
2025-05-28 10:42:54,644 22500 DEBUG thanh123 odoo.service.server: on_close call <bound method Websocket._kick_all of <class 'odoo.addons.bus.websocket.Websocket'>> 
2025-05-28 10:42:54,644 22500 DEBUG thanh123 odoo.service.server: current thread: <_MainThread(MainThread, started 10632)> 
2025-05-28 10:42:54,644 22500 DEBUG thanh123 odoo.service.server: process <_MainThread(MainThread, started 10632)> (False) 
2025-05-28 10:42:54,644 22500 DEBUG thanh123 odoo.service.server: process <Thread(odoo.service.cron.cron0, started daemon 15532)> (True) 
2025-05-28 10:42:54,644 22500 DEBUG thanh123 odoo.service.server: process <Thread(odoo.service.cron.cron1, started daemon 28852)> (True) 
2025-05-28 10:42:54,644 22500 DEBUG thanh123 odoo.service.server: process <ImDispatch(odoo.addons.bus.models.bus.Bus, started daemon 12276)> (True) 
2025-05-28 10:42:54,647 22500 INFO thanh123 odoo.sql_db: ConnectionPool(used=0/count=0/max=64): Closed 5 connections  
2025-05-28 10:42:54,647 22500 DEBUG thanh123 odoo.service.server: -- 
